[2025-05-23T06:25:16+00:00] Prepare facts for a scan
[2025-05-23T06:25:16+00:00] Current task gather_info
[2025-05-23T06:25:16+00:00] processing gather_info
[2025-05-23T06:25:16+00:00] Core: 2797
[2025-05-23T06:25:16+00:00] get_core_files in 0
[2025-05-23T06:25:16+00:00] process done, queue for next
[2025-05-23T06:25:16+00:00] Scan not done, pinging
[2025-05-23T06:25:16+00:00] Current task gather_info
[2025-05-23T06:25:16+00:00] processing gather_info
[2025-05-23T06:25:17+00:00] Content: 5381
[2025-05-23T06:25:18+00:00] get_content_files in 2
[2025-05-23T06:25:18+00:00] task gather_info processed
[2025-05-23T06:25:18+00:00] queue core_integrity_check for next
[2025-05-23T06:25:18+00:00] process done, queue for next
[2025-05-23T06:25:18+00:00] Scan not done, pinging
[2025-05-23T06:25:18+00:00] Current task core_integrity_check
[2025-05-23T06:25:18+00:00] processing core_integrity_check
[2025-05-23T06:25:18+00:00] Fetch checksums, should only once
[2025-05-23T06:25:20+00:00] current pos 0
[2025-05-23T06:25:21+00:00] skip C:\Users\joshu\Local Sites\wordpresshealth\app\public\.htaccess because of file is whitelisted
[2025-05-23T06:25:21+00:00] task core_integrity_check processed
[2025-05-23T06:25:21+00:00] queue plugin_integrity_check for next
[2025-05-23T06:25:21+00:00] process done, queue for next
[2025-05-23T06:25:21+00:00] Scan not done, pinging
[2025-05-23T06:25:21+00:00] Current task plugin_integrity_check
[2025-05-23T06:25:21+00:00] processing plugin_integrity_check
[2025-05-23T06:25:41+00:00] task plugin_integrity_check processed
[2025-05-23T06:25:41+00:00] queue vuln_check for next
[2025-05-23T06:25:41+00:00] process done, queue for next
[2025-05-23T06:25:41+00:00] Scan not done, pinging
[2025-05-23T06:25:41+00:00] Current task vuln_check
[2025-05-23T06:25:41+00:00] processing vuln_check
[2025-05-23T06:25:43+00:00] task vuln_check processed
[2025-05-23T06:25:43+00:00] queue suspicious_check for next
[2025-05-23T06:25:43+00:00] process done, queue for next
[2025-05-23T06:25:43+00:00] Scan not done, pinging
[2025-05-23T06:25:43+00:00] Current task suspicious_check
[2025-05-23T06:25:43+00:00] processing suspicious_check
[2025-05-23T06:26:49+00:00] task suspicious_check processed
[2025-05-23T06:26:49+00:00] All done!
[2025-05-23T06:26:50+00:00] process done, queue for next
